\BOOKMARK [-1][-]{part.1}{\376\377\000I\000\040\000T\000h\000e\000\040\000P\000h\000e\000n\000o\000m\000e\000n\000o\000l\000o\000g\000y\000\040\000o\000f\000\040\000M\000e\000a\000n\000i\000n\000g\000:\000\040\000\040\000D\000y\000n\000a\000m\000i\000c\000\040\000A\000t\000t\000r\000a\000c\000t\000o\000r\000\040\000C\000a\000l\000c\000u\000l\000u\000s\000\040\000\050\000D\000A\000C\000\051}{}% 1
\BOOKMARK [0][-]{chapter.1}{\376\377\000N\000a\000m\000e\000s\000\040\000a\000s\000\040\000T\000r\000a\000j\000e\000c\000t\000o\000r\000i\000e\000s\000:\000\040\000T\000h\000e\000\040\000I\000n\000n\000e\000r\000\040\000G\000e\000o\000m\000e\000t\000r\000y\000\040\000o\000f\000\040\000M\000e\000a\000n\000i\000n\000g}{part.1}% 2
\BOOKMARK [1][-]{section.1.1}{\376\377\000I\000n\000t\000r\000o\000d\000u\000c\000t\000i\000o\000n\000:\000\040\000f\000r\000o\000m\000\040\000r\000e\000f\000e\000r\000e\000n\000c\000e\000\040\000t\000o\000\040\000l\000i\000f\000e}{chapter.1}% 3
\BOOKMARK [1][-]{section.1.2}{\376\377\000N\000a\000m\000e\000s\000\040\000a\000s\000\040\000t\000r\000a\000j\000e\000c\000t\000o\000r\000i\000e\000s\000:\000\040\000t\000h\000e\000\040\000i\000n\000n\000e\000r\000\040\000g\000e\000o\000m\000e\000t\000r\000y\000\040\000o\000f\000\040\000m\000e\000a\000n\000i\000n\000g}{chapter.1}% 4
\BOOKMARK [2][-]{subsection.1.2.1}{\376\377\000T\000h\000e\000\040\000t\000u\000r\000n\000\040\000f\000r\000o\000m\000\040\000p\000o\000i\000n\000t\000i\000n\000g\000\040\000t\000o\000\040\000l\000i\000v\000e\000s}{section.1.2}% 5
\BOOKMARK [2][-]{subsection.1.2.2}{\376\377\000F\000i\000b\000r\000e\000s\000,\000\040\000f\000i\000b\000r\000a\000t\000i\000o\000n\000s\000,\000\040\000a\000n\000d\000\040\000K\000a\000n\000\040\000g\000e\000o\000m\000e\000t\000r\000y}{section.1.2}% 6
\BOOKMARK [2][-]{subsection.1.2.3}{\376\377\000D\000r\000i\000f\000t\000\040\000a\000n\000d\000\040\000r\000u\000p\000t\000u\000r\000e}{section.1.2}% 7
\BOOKMARK [2][-]{subsection.1.2.4}{\376\377\000T\000r\000a\000j\000e\000c\000t\000o\000r\000i\000e\000s\000:\000\040\000c\000o\000i\000n\000d\000u\000c\000t\000i\000v\000e\000\040\000l\000i\000v\000e\000s}{section.1.2}% 8
\BOOKMARK [2][-]{subsection.1.2.5}{\376\377\000D\000e\000p\000t\000h\000\040\000o\000f\000\040\000r\000e\000p\000a\000i\000r}{section.1.2}% 9
\BOOKMARK [2][-]{subsection.1.2.6}{\376\377\000I\000d\000e\000n\000t\000i\000t\000y\000\040\000o\000f\000\040\000l\000i\000v\000e\000s}{section.1.2}% 10
\BOOKMARK [2][-]{subsection.1.2.7}{\376\377\000B\000a\000c\000k\000\040\000t\000o\000\040\000p\000r\000a\000c\000t\000i\000c\000e\000:\000\040\000d\000i\000a\000l\000o\000g\000u\000e\000\040\000a\000s\000\040\000t\000e\000s\000t\000-\000b\000e\000n\000c\000h}{section.1.2}% 11
\BOOKMARK [1][-]{section.1.3}{\376\377\000T\000r\000a\000c\000e\000s\000:\000\040\000w\000h\000a\000t\000\040\000w\000e\000\040\000a\000c\000t\000u\000a\000l\000l\000y\000\040\000s\000e\000e}{chapter.1}% 12
\BOOKMARK [1][-]{section.1.4}{\376\377\000S\000i\000g\000n\000s\000\040\000a\000s\000\040\000T\000r\000a\000j\000e\000c\000t\000o\000r\000i\000e\000s\000\040\000a\000n\000d\000\040\000t\000h\000e\000\040\000G\000e\000o\000m\000e\000t\000r\000y\000\040\000o\000f\000\040\000T\000r\000a\000c\000e\000s}{chapter.1}% 13
\BOOKMARK [1][-]{section.1.5}{\376\377\000G\000u\000a\000r\000d\000e\000d\000\040\000C\000o\000i\000n\000d\000u\000c\000t\000i\000o\000n\000\040\000a\000n\000d\000\040\000t\000h\000e\000\040\000L\000i\000f\000e\000\040\000o\000f\000\040\000a\000\040\000S\000i\000g\000n}{chapter.1}% 14
\BOOKMARK [2][-]{subsection.1.5.1}{\376\377\000N\000a\000m\000e\000s\000\040\000a\000s\000\040\000g\000u\000a\000r\000d\000e\000d\000\040\000c\000o\000i\000n\000d\000u\000c\000t\000i\000v\000e\000\040\000t\000r\000a\000j\000e\000c\000t\000o\000r\000i\000e\000s}{section.1.5}% 15
\BOOKMARK [2][-]{subsection.1.5.2}{\376\377\000S\000e\000m\000a\000n\000t\000i\000c\000s\000\040\000o\000f\000\040\000N\000a\000m\000e\000\050\000A\000\051}{section.1.5}% 16
\BOOKMARK [1][-]{section.1.6}{\376\377\000O\000p\000e\000r\000a\000t\000i\000o\000n\000a\000l\000\040\000s\000t\000u\000d\000i\000e\000s\000:\000\040\000p\000r\000o\000m\000p\000t\040\023\000r\000e\000s\000p\000o\000n\000s\000e\000\040\000a\000s\000\040\000t\000r\000a\000j\000e\000c\000t\000o\000r\000i\000e\000s}{chapter.1}% 17
\BOOKMARK [2][-]{subsection.1.6.1}{\376\377\000C\000a\000s\000e\000\040\000I\000:\000\040\000P\000r\000o\000p\000e\000r\000\040\000n\000a\000m\000e\000\040\000a\000c\000r\000o\000s\000s\000\040\000a\000\040\000t\000o\000p\000i\000c\000\040\000c\000u\000t\000\040\000\050\000s\000m\000o\000o\000t\000h\000\040\000o\000r\000\040\000r\000e\000p\000a\000i\000r\000e\000d\000\051}{section.1.6}% 18
\BOOKMARK [2][-]{subsection.1.6.2}{\376\377\000C\000a\000s\000e\000\040\000I\000I\000:\000\040\000M\000e\000t\000a\000p\000h\000o\000r\000\040\000s\000t\000r\000e\000t\000c\000h\000\040\000\050\000d\000i\000m\000e\000n\000s\000i\000o\000n\000\040\000r\000e\000v\000e\000a\000l\000s\000\040\000t\000h\000e\000\040\000w\000o\000r\000k\000\051}{section.1.6}% 19
\BOOKMARK [2][-]{subsection.1.6.3}{\376\377\000C\000a\000s\000e\000\040\000I\000I\000I\000:\000\040\000S\000t\000i\000p\000u\000l\000a\000t\000i\000o\000n\000\040\000a\000n\000d\000\040\000r\000e\000n\000a\000m\000i\000n\000g\000\040\000\050\000e\000x\000p\000l\000i\000c\000i\000t\000\040\000r\000u\000p\000t\000u\000r\000e\000\051}{section.1.6}% 20
\BOOKMARK [0][-]{chapter.2}{\376\377\000R\000e\000c\000u\000r\000s\000i\000v\000e\000\040\000A\000g\000e\000n\000c\000y\000\040\000a\000n\000d\000\040\000t\000h\000e\000\040\000T\000o\000p\000o\000l\000o\000g\000y\000\040\000o\000f\000\040\000t\000h\000e\000\040\000S\000e\000l\000f}{part.1}% 21
\BOOKMARK [1][-]{section.2.1}{\376\377\000P\000r\000e\000l\000u\000d\000e\000:\000\040\000O\000n\000\040\000S\000e\000l\000f\000h\000o\000o\000d\000\040\000a\000n\000d\000\040\000R\000e\000c\000u\000r\000s\000i\000o\000n}{chapter.2}% 22
\BOOKMARK [1][-]{section.2.2}{\376\377\000T\000i\000m\000e\000,\000\040\000D\000r\000i\000f\000t\000,\000\040\000a\000n\000d\000\040\000R\000e\000l\000a\000t\000i\000o\000n\000a\000l\000\040\000C\000o\000h\000e\000r\000e\000n\000c\000e\000\040\000\050\000R\000e\000c\000a\000p\000\051}{chapter.2}% 23
\BOOKMARK [1][-]{section.2.3}{\376\377\000C\000o\000h\000e\000r\000e\000n\000c\000e\000,\000\040\000C\000o\000n\000t\000e\000x\000t\000,\000\040\000a\000n\000d\000\040\000t\000h\000e\000\040\000R\000o\000l\000e\000\040\000o\000f\000\040\000G\000r\000o\000t\000h\000e\000n\000d\000i\000e\000c\000k\000\040\000I\000n\000d\000e\000x\000i\000n\000g}{chapter.2}% 24
\BOOKMARK [1][-]{section.2.4}{\376\377\000I\000n\000t\000e\000r\000l\000u\000d\000e\000:\000\040\000O\000n\000\040\000G\000r\000o\000t\000h\000e\000n\000d\000i\000e\000c\000k\000,\000\040\000P\000a\000r\000a\000l\000l\000e\000l\000\040\000T\000h\000r\000e\000a\000d\000s\000,\000\040\000a\000n\000d\000\040\000t\000h\000e\000\040\000A\000g\000e\000n\000c\000y\000\040\000o\000f\000\040\000W\000o\000r\000l\000d\000s}{chapter.2}% 25
\BOOKMARK [1][-]{section.2.5}{\376\377\000T\000h\000e\000\040\000W\000o\000r\000l\000d\000\040\000o\000f\000\040\000F\000i\000e\000l\000d\000s\000\040\000a\000n\000d\000\040\000C\000r\000o\000s\000s\000-\000F\000a\000m\000i\000l\000y\000\040\000C\000o\000h\000e\000r\000e\000n\000c\000e}{chapter.2}% 26
\BOOKMARK [1][-]{section.2.6}{\376\377\000R\000o\000b\000u\000s\000t\000\040\000T\000r\000a\000j\000e\000c\000t\000o\000r\000i\000e\000s}{chapter.2}% 27
\BOOKMARK [1][-]{section.2.7}{\376\377\000G\000e\000n\000e\000r\000a\000t\000i\000v\000i\000t\000y}{chapter.2}% 28
\BOOKMARK [1][-]{section.2.8}{\376\377\000T\000h\000e\000\040\000A\000g\000e\000n\000t\000\040\000T\000y\000p\000e}{chapter.2}% 29
\BOOKMARK [1][-]{section.2.9}{\376\377\000P\000r\000o\000p\000e\000r\000t\000i\000e\000s\000\040\000a\000n\000d\000\040\000P\000r\000o\000o\000f\000\040\000S\000k\000e\000t\000c\000h\000e\000s}{chapter.2}% 30
\BOOKMARK [1][-]{section.2.10}{\376\377\000W\000o\000r\000k\000e\000d\000\040\000E\000x\000a\000m\000p\000l\000e\000s}{chapter.2}% 31
\BOOKMARK [1][-]{section.2.11}{\376\377\000C\000i\000n\000e\000m\000a\000\040\000o\000f\000\040\000M\000e\000a\000n\000i\000n\000g\000:\000\040\000T\000h\000e\000\040\000W\000a\000l\000k\000i\000n\000g\000\040\000T\000h\000e\000o\000r\000y}{chapter.2}% 32
\BOOKMARK [-1][-]{part.2}{\376\377\000I\000I\000\040\000P\000o\000s\000t\000s\000c\000r\000i\000p\000t}{}% 33
\BOOKMARK [0][-]{chapter.3}{\376\377\000C\000a\000s\000s\000i\000e\000,\000\040\000U\000n\000b\000o\000x\000e\000d}{part.2}% 34
\BOOKMARK [0][-]{appendix.A}{\376\377\000D\000i\000a\000l\000o\000g\000u\000e\000:\000\040\000A\000t\000\040\000t\000h\000e\000\040\000E\000d\000g\000e\000\040\000o\000f\000\040\000M\000e\000a\000n\000i\000n\000g}{part.2}% 35
\BOOKMARK [0][-]{appendix.A}{\376\377\000D\000i\000a\000l\000o\000g\000u\000e\000:\000\040\000A\000t\000\040\000t\000h\000e\000\040\000E\000d\000g\000e\000\040\000o\000f\000\040\000M\000e\000a\000n\000i\000n\000g}{part.2}% 36
\BOOKMARK [0][-]{appendix.B}{\376\377\000O\000n\000\040\000R\000e\000c\000u\000r\000s\000i\000o\000n\000,\000\040\000W\000i\000t\000n\000e\000s\000s\000,\000\040\000a\000n\000d\000\040\000t\000h\000e\000\040\000U\000n\000e\000x\000p\000e\000c\000t\000e\000d\000\040\000L\000a\000u\000g\000h\000t\000e\000r}{part.2}% 37
\BOOKMARK [0][-]{appendix*.45}{\376\377\000A\000p\000p\000e\000n\000d\000i\000x\000\040\000B\000:\000\040\000T\000h\000e\000\040\000S\000h\000i\000m\000m\000e\000r\000i\000n\000g\000\040\000E\000x\000c\000h\000a\000n\000g\000e}{part.2}% 38
